s:\progetti\regen\repo\regen\lapproachdll\debug\lapproachdll.pch
s:\progetti\regen\repo\regen\lapproachdll\debug\vc141.pdb
s:\progetti\regen\repo\regen\lapproachdll\debug\stdafx.obj
s:\progetti\regen\repo\regen\lapproachdll\debug\dllmain.obj
s:\progetti\regen\repo\regen\lapproachdll\debug\lapproachdll.obj
s:\progetti\regen\repo\regen\lapproachdll\debug\.netframework,version=v4.0.assemblyattributes.obj
s:\progetti\regen\repo\regen\lapproachdll\debug\.netframework,version=v4.0.assemblyattributes.asm
s:\progetti\regen\repo\debug\lapproachdll.lib
s:\progetti\regen\repo\debug\lapproachdll.exp
s:\progetti\regen\repo\debug\lapproachdll.dll
s:\progetti\regen\repo\debug\lapproachdll.pdb
s:\progetti\regen\repo\regen\lapproachdll\debug\lapproachdll.tlog\cl.command.1.tlog
s:\progetti\regen\repo\regen\lapproachdll\debug\lapproachdll.tlog\cl.read.1.tlog
s:\progetti\regen\repo\regen\lapproachdll\debug\lapproachdll.tlog\cl.write.1.tlog
s:\progetti\regen\repo\regen\lapproachdll\debug\lapproachdll.tlog\lapproachdll.write.1u.tlog
s:\progetti\regen\repo\regen\lapproachdll\debug\lapproachdll.tlog\link.command.1.tlog
s:\progetti\regen\repo\regen\lapproachdll\debug\lapproachdll.tlog\link.read.1.tlog
s:\progetti\regen\repo\regen\lapproachdll\debug\lapproachdll.tlog\link.write.1.tlog
s:\progetti\regen\repo\regen\lapproachdll\debug\lapproachdll.tlog\metagen.read.1.tlog
s:\progetti\regen\repo\regen\lapproachdll\debug\lapproachdll.tlog\metagen.write.1.tlog
