s:\progetti\regen\repo\regen\lapproachdll\x64\release\lapproachdll.pch
s:\progetti\regen\repo\regen\lapproachdll\x64\release\vc141.pdb
s:\progetti\regen\repo\regen\lapproachdll\x64\release\stdafx.obj
s:\progetti\regen\repo\regen\lapproachdll\x64\release\dllmain.obj
s:\progetti\regen\repo\regen\lapproachdll\x64\release\lapproachdll.obj
s:\progetti\regen\repo\regen\lapproachdll\x64\release\.netframework,version=v4.0.assemblyattributes.obj
s:\progetti\regen\repo\regen\lapproachdll\x64\release\.netframework,version=v4.0.assemblyattributes.asm
s:\progetti\regen\repo\x64\release\lapproachdll.lib
s:\progetti\regen\repo\x64\release\lapproachdll.exp
s:\progetti\regen\repo\x64\release\lapproachdll.ipdb
s:\progetti\regen\repo\x64\release\lapproachdll.iobj
s:\progetti\regen\repo\x64\release\lapproachdll.dll
s:\progetti\regen\repo\x64\release\lapproachdll.pdb
s:\progetti\regen\repo\regen\lapproachdll\x64\release\lapproachdll.vcxprojassemblyreference.cache
s:\progetti\regen\repo\regen\lapproachdll\x64\release\lapproachdll.tlog\cl.command.1.tlog
s:\progetti\regen\repo\regen\lapproachdll\x64\release\lapproachdll.tlog\cl.read.1.tlog
s:\progetti\regen\repo\regen\lapproachdll\x64\release\lapproachdll.tlog\cl.write.1.tlog
s:\progetti\regen\repo\regen\lapproachdll\x64\release\lapproachdll.tlog\lapproachdll.write.1u.tlog
s:\progetti\regen\repo\regen\lapproachdll\x64\release\lapproachdll.tlog\link.command.1.tlog
s:\progetti\regen\repo\regen\lapproachdll\x64\release\lapproachdll.tlog\link.read.1.tlog
s:\progetti\regen\repo\regen\lapproachdll\x64\release\lapproachdll.tlog\link.write.1.tlog
s:\progetti\regen\repo\regen\lapproachdll\x64\release\lapproachdll.tlog\metagen.read.1.tlog
s:\progetti\regen\repo\regen\lapproachdll\x64\release\lapproachdll.tlog\metagen.write.1.tlog
